0 info it worked if it ends with ok
1 verbose cli [ '/usr/local/Cellar/node/7.2.1/bin/node',
1 verbose cli   '/usr/local/bin/npm',
<<<<<<< HEAD
1 verbose cli   'start' ]
2 info using npm@3.10.9
3 info using node@v7.2.1
4 verbose run-script [ 'prestart', 'start', 'poststart' ]
5 info lifecycle blackjackweb-frontend@1.0.0~prestart: blackjackweb-frontend@1.0.0
6 silly lifecycle blackjackweb-frontend@1.0.0~prestart: no script for prestart, continuing
7 info lifecycle blackjackweb-frontend@1.0.0~start: blackjackweb-frontend@1.0.0
8 verbose lifecycle blackjackweb-frontend@1.0.0~start: unsafe-perm in lifecycle true
9 verbose lifecycle blackjackweb-frontend@1.0.0~start: PATH: /usr/local/lib/node_modules/npm/bin/node-gyp-bin:/Users/Tech-A36/Desktop/BlackjackWeb/node_modules/.bin:/usr/local/Cellar/node/7.2.1/bin:/usr/local/share/npm/bin:/usr/local/bin:/usr/bin:/bin:/usr/sbin:/sbin
10 verbose lifecycle blackjackweb-frontend@1.0.0~start: CWD: /Users/Tech-A36/Desktop/BlackjackWeb
11 silly lifecycle blackjackweb-frontend@1.0.0~start: Args: [ '-c', 'node app.js' ]
12 silly lifecycle blackjackweb-frontend@1.0.0~start: Returned: code: 1  signal: null
13 info lifecycle blackjackweb-frontend@1.0.0~start: Failed to exec start script
14 verbose stack Error: blackjackweb-frontend@1.0.0 start: `node app.js`
14 verbose stack Exit status 1
14 verbose stack     at EventEmitter.<anonymous> (/usr/local/lib/node_modules/npm/lib/utils/lifecycle.js:255:16)
14 verbose stack     at emitTwo (events.js:106:13)
14 verbose stack     at EventEmitter.emit (events.js:191:7)
14 verbose stack     at ChildProcess.<anonymous> (/usr/local/lib/node_modules/npm/lib/utils/spawn.js:40:14)
14 verbose stack     at emitTwo (events.js:106:13)
14 verbose stack     at ChildProcess.emit (events.js:191:7)
14 verbose stack     at maybeClose (internal/child_process.js:885:16)
14 verbose stack     at Process.ChildProcess._handle.onexit (internal/child_process.js:226:5)
15 verbose pkgid blackjackweb-frontend@1.0.0
16 verbose cwd /Users/Tech-A36/Desktop/BlackjackWeb
17 error Darwin 15.6.0
18 error argv "/usr/local/Cellar/node/7.2.1/bin/node" "/usr/local/bin/npm" "start"
19 error node v7.2.1
20 error npm  v3.10.9
21 error code ELIFECYCLE
22 error blackjackweb-frontend@1.0.0 start: `node app.js`
22 error Exit status 1
23 error Failed at the blackjackweb-frontend@1.0.0 start script 'node app.js'.
23 error Make sure you have the latest version of node.js and npm installed.
23 error If you do, this is most likely a problem with the blackjackweb-frontend package,
23 error not with npm itself.
23 error Tell the author that this fails on your system:
23 error     node app.js
23 error You can get information on how to open an issue for this project with:
23 error     npm bugs blackjackweb-frontend
23 error Or if that isn't available, you can get their info via:
23 error     npm owner ls blackjackweb-frontend
23 error There is likely additional logging output above.
24 verbose exit [ 1, true ]
=======
1 verbose cli   'install' ]
2 info using npm@3.10.9
3 info using node@v7.2.1
4 silly loadCurrentTree Starting
5 silly install loadCurrentTree
6 silly install readLocalPackageData
7 silly rollbackFailedOptional Starting
8 silly rollbackFailedOptional Finishing
9 silly runTopLevelLifecycles Finishing
10 silly install printInstalled
11 verbose stack Error: Failed to parse json
11 verbose stack Unexpected token '/' at 9:6
11 verbose stack     //"prepublish": "webpack --progress"
11 verbose stack      ^
11 verbose stack     at parseError (/usr/local/lib/node_modules/npm/node_modules/read-package-json/read-json.js:390:11)
11 verbose stack     at parseJson (/usr/local/lib/node_modules/npm/node_modules/read-package-json/read-json.js:79:23)
11 verbose stack     at /usr/local/lib/node_modules/npm/node_modules/read-package-json/read-json.js:48:5
11 verbose stack     at /usr/local/lib/node_modules/npm/node_modules/graceful-fs/graceful-fs.js:78:16
11 verbose stack     at tryToString (fs.js:425:3)
11 verbose stack     at FSReqWrap.readFileAfterClose [as oncomplete] (fs.js:412:12)
12 verbose cwd /Users/Tech-A32/Documents/BlackjackWeb
13 error Darwin 15.6.0
14 error argv "/usr/local/Cellar/node/7.2.1/bin/node" "/usr/local/bin/npm" "install"
15 error node v7.2.1
16 error npm  v3.10.9
17 error file /Users/Tech-A32/Documents/BlackjackWeb/package.json
18 error code EJSONPARSE
19 error Failed to parse json
19 error Unexpected token '/' at 9:6
19 error     //"prepublish": "webpack --progress"
19 error      ^
20 error File: /Users/Tech-A32/Documents/BlackjackWeb/package.json
21 error Failed to parse package.json data.
21 error package.json must be actual JSON, not just JavaScript.
21 error
21 error This is not a bug in npm.
21 error Tell the package author to fix their package.json file. JSON.parse
22 verbose exit [ 1, true ]
>>>>>>> raf
